<?xml version="1.0" encoding="UTF-8"?>
<testsuite xmlns:xsi="http://www.w3.org/2001/XMLSchema-instance" xsi:noNamespaceSchemaLocation="https://maven.apache.org/surefire/maven-surefire-plugin/xsd/surefire-test-report.xsd" name="com.nnk.springboot.RuleTests" time="0.004" tests="1" errors="1" skipped="0" failures="0">
  <properties>
[...]
</properties>
  <testcase name="ruleTest" classname="com.nnk.springboot.RuleTests" time="0.004">
    <error message="could not execute statement; SQL [n/a]" type="org.springframework.dao.InvalidDataAccessResourceUsageException">org.springframework.dao.InvalidDataAccessResourceUsageException: could not execute statement; SQL [n/a]
	at com.nnk.springboot.RuleTests.ruleTest(RuleTests.java:33)
Caused by: org.hibernate.exception.SQLGrammarException: could not execute statement
	at com.nnk.springboot.RuleTests.ruleTest(RuleTests.java:33)
Caused by: java.sql.SQLSyntaxErrorException: Unknown column 'sql_part' in 'field list'
	at com.nnk.springboot.RuleTests.ruleTest(RuleTests.java:33)
</error>
    <system-out><![CDATA[2023-04-13T09:55:07.106+02:00  INFO 20549 --- [           main] t.c.s.AnnotationConfigContextLoaderUtils : Could not detect default configuration classes for test class [com.nnk.springboot.RuleTests]: RuleTests does not declare any static, non-private, non-final, nested classes annotated with @Configuration.
2023-04-13T09:55:07.106+02:00  INFO 20549 --- [           main] .b.t.c.SpringBootTestContextBootstrapper : Found @SpringBootConfiguration com.nnk.springboot.Application for test class com.nnk.springboot.RuleTests
Hibernate: select next_val as id_val from rulename_seq for update
Hibernate: update rulename_seq set next_val= ? where next_val=?
Hibernate: insert into rulename (description, json, name, sql_part, sql_str, template, id) values (?, ?, ?, ?, ?, ?, ?)
2023-04-13T09:55:07.112+02:00  WARN 20549 --- [           main] o.h.engine.jdbc.spi.SqlExceptionHelper   : SQL Error: 1054, SQLState: 42S22
2023-04-13T09:55:07.112+02:00 ERROR 20549 --- [           main] o.h.engine.jdbc.spi.SqlExceptionHelper   : Unknown column 'sql_part' in 'field list'
]]></system-out>
  </testcase>
</testsuite>